0 info it worked if it ends with ok
1 verbose cli [ '/usr/local/bin/node', '/usr/local/bin/npm', 'run', 'deploy' ]
2 info using npm@3.10.7
3 info using node@v6.5.0
4 verbose run-script [ 'predeploy', 'deploy', 'postdeploy' ]
5 info lifecycle catch-of-the-day@1.0.0~predeploy: catch-of-the-day@1.0.0
6 silly lifecycle catch-of-the-day@1.0.0~predeploy: no script for predeploy, continuing
7 info lifecycle catch-of-the-day@1.0.0~deploy: catch-of-the-day@1.0.0
8 verbose lifecycle catch-of-the-day@1.0.0~deploy: unsafe-perm in lifecycle true
9 verbose lifecycle catch-of-the-day@1.0.0~deploy: PATH: /usr/local/lib/node_modules/npm/bin/node-gyp-bin:/Applications/MAMP/htdocs/WesBos/LearnReact/node_modules/.bin:/usr/local/heroku/bin:/Users/Fher/.rbenv/shims:/Users/Fher/.rvm/gems/ruby-2.2.1/bin:/Users/Fher/.rvm/gems/ruby-2.2.1@global/bin:/Users/Fher/.rvm/rubies/ruby-2.2.1/bin:/usr/local/share/npm/bin:/Users/Fher/.rbenv/shims:/Users/Fher/.rbenv/bin:/Users/Fher/.rbenv/shims:/Users/Fher/.rbenv/bin:/Users/Fher/.rvm/gems/ruby-2.2.1/bin:/Users/Fher/.rvm/gems/ruby-2.2.1@global/bin:/Users/Fher/.rvm/rubies/ruby-2.2.1/bin:/usr/local/bin:/usr/bin:/bin:/usr/sbin:/sbin:/Users/Fher/.rvm/bin:/Applications/Postgres.app/Contents/Versions/9.4/bin
10 verbose lifecycle catch-of-the-day@1.0.0~deploy: CWD: /Applications/MAMP/htdocs/WesBos/LearnReact
11 silly lifecycle catch-of-the-day@1.0.0~deploy: Args: [ '-c', 'npm run build&&gh-pages -d build' ]
12 silly lifecycle catch-of-the-day@1.0.0~deploy: Returned: code: 1  signal: null
13 info lifecycle catch-of-the-day@1.0.0~deploy: Failed to exec deploy script
14 verbose stack Error: catch-of-the-day@1.0.0 deploy: `npm run build&&gh-pages -d build`
14 verbose stack Exit status 1
14 verbose stack     at EventEmitter.<anonymous> (/usr/local/lib/node_modules/npm/lib/utils/lifecycle.js:255:16)
14 verbose stack     at emitTwo (events.js:106:13)
14 verbose stack     at EventEmitter.emit (events.js:191:7)
14 verbose stack     at ChildProcess.<anonymous> (/usr/local/lib/node_modules/npm/lib/utils/spawn.js:40:14)
14 verbose stack     at emitTwo (events.js:106:13)
14 verbose stack     at ChildProcess.emit (events.js:191:7)
14 verbose stack     at maybeClose (internal/child_process.js:877:16)
14 verbose stack     at Process.ChildProcess._handle.onexit (internal/child_process.js:226:5)
15 verbose pkgid catch-of-the-day@1.0.0
16 verbose cwd /Applications/MAMP/htdocs/WesBos/LearnReact
17 error Darwin 16.3.0
18 error argv "/usr/local/bin/node" "/usr/local/bin/npm" "run" "deploy"
19 error node v6.5.0
20 error npm  v3.10.7
21 error code ELIFECYCLE
22 error catch-of-the-day@1.0.0 deploy: `npm run build&&gh-pages -d build`
22 error Exit status 1
23 error Failed at the catch-of-the-day@1.0.0 deploy script 'npm run build&&gh-pages -d build'.
23 error Make sure you have the latest version of node.js and npm installed.
23 error If you do, this is most likely a problem with the catch-of-the-day package,
23 error not with npm itself.
23 error Tell the author that this fails on your system:
23 error     npm run build&&gh-pages -d build
23 error You can get information on how to open an issue for this project with:
23 error     npm bugs catch-of-the-day
23 error Or if that isn't available, you can get their info via:
23 error     npm owner ls catch-of-the-day
23 error There is likely additional logging output above.
24 verbose exit [ 1, true ]
